Test suite failed to run

    client/src/lib/__tests__/utils.test.ts:4:1 - error TS2593: Cannot find name 'describe'. Do you need to install type definitions for a test runner? Try `npm i --save-dev @types/jest` or `npm i --save-dev @types/mocha` and then add 'jest' or 'mocha' to the types field in your tsconfig.

    4 describe('Utils', () => {
      ~~~~~~~~
    client/src/lib/__tests__/utils.test.ts:5:3 - error TS2593: Cannot find name 'describe'. Do you need to install type definitions for a test runner? Try `npm i --save-dev @types/jest` or `npm i --save-dev @types/mocha` and then add 'jest' or 'mocha' to the types field in your tsconfig.

    5   describe('cn (className utility)', () => {
        ~~~~~~~~
    client/src/lib/__tests__/utils.test.ts:6:5 - error TS2593: Cannot find name 'it'. Do you need to install type definitions for a test runner? Try `npm i --save-dev @types/jest` or `npm i --save-dev @types/mocha` and then add 'jest' or 'mocha' to the types field in your tsconfig.

    6     it('should merge class names correctly', () => {
          ~~
    client/src/lib/__tests__/utils.test.ts:8:7 - error TS2304: Cannot find name 'expect'.

    8       expect(result).toContain('base-class');
            ~~~~~~
    client/src/lib/__tests__/utils.test.ts:9:7 - error TS2304: Cannot find name 'expect'.

    9       expect(result).toContain('additional-class');
            ~~~~~~
    client/src/lib/__tests__/utils.test.ts:12:5 - error TS2593: Cannot find name 'it'. Do you need to install type definitions for a test runner? Try `npm i --save-dev @types/jest` or `npm i --save-dev @types/mocha` and then add 'jest' or 'mocha' to the types field in your tsconfig.

    12     it('should handle conditional classes', () => {
           ~~
    client/src/lib/__tests__/utils.test.ts:14:7 - error TS2304: Cannot find name 'expect'.

    14       expect(result).toContain('base-class');
             ~~~~~~
    client/src/lib/__tests__/utils.test.ts:15:7 - error TS2304: Cannot find name 'expect'.

    15       expect(result).toContain('conditional-class');
             ~~~~~~
    client/src/lib/__tests__/utils.test.ts:16:7 - error TS2304: Cannot find name 'expect'.

    16       expect(result).not.toContain('hidden-class');
             ~~~~~~
    client/src/lib/__tests__/utils.test.ts:19:5 - error TS2593: Cannot find name 'it'. Do you need to install type definitions for a test runner? Try `npm i --save-dev @types/jest` or `npm i --save-dev @types/mocha` and then add 'jest' or 'mocha' to the types field in your tsconfig.

    19     it('should handle undefined and null values', () => {
           ~~
    client/src/lib/__tests__/utils.test.ts:21:7 - error TS2304: Cannot find name 'expect'.

    21       expect(result).toContain('base-class');
             ~~~~~~
    client/src/lib/__tests__/utils.test.ts:22:7 - error TS2304: Cannot find name 'expect'.

    22       expect(result).toContain('valid-class');
             ~~~~~~

 FAIL  shared/__tests__/combat-system.test.ts
  â— Test suite failed to run

    shared/__tests__/combat-system.test.ts:2:10 - error TS2305: Module '"../combat-system"' has no exported member 'calculateDamage'.

    2 import { calculateDamage, calculateHitChance } from '../combat-system';
               ~~~~~~~~~~~~~~~
    shared/__tests__/combat-system.test.ts:2:27 - error TS2305: Module '"../combat-system"' has no exported member 'calculateHitChance'.

    2 import { calculateDamage, calculateHitChance } from '../combat-system';
                                ~~~~~~~~~~~~~~~~~~
    shared/__tests__/combat-system.test.ts:4:1 - error TS2593: Cannot find name 'describe'. Do you need to install type definitions for a test runner? Try `npm i --save-dev @types/jest` or `npm i --save-dev @types/mocha` and then add 'jest' or 'mocha' to the types field in your tsconfig.

    4 describe('Combat System', () => {
      ~~~~~~~~
    shared/__tests__/combat-system.test.ts:5:3 - error TS2593: Cannot find name 'describe'. Do you need to install type definitions for a test runner? Try `npm i --save-dev @types/jest` or `npm i --save-dev @types/mocha` and then add 'jest' or 'mocha' to the types field in your tsconfig.

    5   describe('calculateDamage', () => {
        ~~~~~~~~
    shared/__tests__/combat-system.test.ts:6:5 - error TS2593: Cannot find name 'it'. Do you need to install type definitions for a test runner? Try `npm i --save-dev @types/jest` or `npm i --save-dev @types/mocha` and then add 'jest' or 'mocha' to the types field in your tsconfig.

    6     it('should calculate basic damage correctly', () => {
          ~~
    shared/__tests__/combat-system.test.ts:12:7 - error TS2304: Cannot find name 'expect'.

    12       expect(damage).toBeGreaterThan(0);
             ~~~~~~
    shared/__tests__/combat-system.test.ts:13:7 - error TS2304: Cannot find name 'expect'.

    13       expect(typeof damage).toBe('number');
             ~~~~~~
    shared/__tests__/combat-system.test.ts:16:5 - error TS2593: Cannot find name 'it'. Do you need to install type definitions for a test runner? Try `npm i --save-dev @types/jest` or `npm i --save-dev @types/mocha` and then add 'jest' or 'mocha' to the types field in your tsconfig.

    16     it('should return minimum damage of 1', () => {
           ~~
    shared/__tests__/combat-system.test.ts:22:7 - error TS2304: Cannot find name 'expect'.

    22       expect(damage).toBeGreaterThanOrEqual(1);
             ~~~~~~
    shared/__tests__/combat-system.test.ts:26:3 - error TS2593: Cannot find name 'describe'. Do you need to install type definitions for a test runner? Try `npm i --save-dev @types/jest` or `npm i --save-dev @types/mocha` and then add 'jest' or 'mocha' to the types field in your tsconfig.

    26   describe('calculateHitChance', () => {
         ~~~~~~~~
    shared/__tests__/combat-system.test.ts:27:5 - error TS2593: Cannot find name 'it'. Do you need to install type definitions for a test runner? Try `npm i --save-dev @types/jest` or `npm i --save-dev @types/mocha` and then add 'jest' or 'mocha' to the types field in your tsconfig.

    27     it('should return a value between 0 and 1', () => {
           ~~
    shared/__tests__/combat-system.test.ts:33:7 - error TS2304: Cannot find name 'expect'.

    33       expect(hitChance).toBeGreaterThanOrEqual(0);
             ~~~~~~
    shared/__tests__/combat-system.test.ts:34:7 - error TS2304: Cannot find name 'expect'.

    34       expect(hitChance).toBeLessThanOrEqual(1);
             ~~~~~~
    shared/__tests__/combat-system.test.ts:37:5 - error TS2593: Cannot find name 'it'. Do you need to install type definitions for a test runner? Try `npm i --save-dev @types/jest` or `npm i --save-dev @types/mocha` and then add 'jest' or 'mocha' to the types field in your tsconfig.

    37     it('should have minimum hit chance', () => {
           ~~
    shared/__tests__/combat-system.test.ts:43:7 - error TS2304: Cannot find name 'expect'.

    43       expect(hitChance).toBeGreaterThan(0);
             ~~~~~~

Test Suites: 2 failed, 2 total
Tests:       0 total
Snapshots:   0 total
Time:        18.717 s
Ran all test suites.