 FAIL  server/__tests__/crawler-performance.test.ts
  ‚óè Test suite failed to run

    server/__tests__/crawler-performance.test.ts:13:22 - error TS2674: Constructor of class 'BaseStorage' is protected and only accessible within the class declaration.

    13     crawlerStorage = new CrawlerStorage();
                            ~~~~~~~~~~~~~~~~~~~~
    server/__tests__/crawler-performance.test.ts:17:53 - error TS2769: No overload matches this call.
      Overload 1 of 2, '(value: { name: string | SQL<unknown> | Placeholder<string, any>; competencies: string[] | SQL<unknown> | Placeholder<string, any>; sponsorId: string | SQL<unknown> | Placeholder<...>; ... 28 more ...; lastEnergyRegen?: Date | ... 3 more ... | undefined; }): PgInsertBase<...>', gave the following error.
        Type 'string' is not assignable to type 'number | SQL<unknown> | Placeholder<string, any>'.
      Overload 2 of 2, '(values: { name: string | SQL<unknown> | Placeholder<string, any>; competencies: string[] | SQL<unknown> | Placeholder<string, any>; sponsorId: string | SQL<unknown> | Placeholder<...>; ... 28 more ...; lastEnergyRegen?: Date | ... 3 more ... | undefined; }[]): PgInsertBase<...>', gave the following error.
        Object literal may only specify known properties, and 'sponsorId' does not exist in type '{ name: string | SQL<unknown> | Placeholder<string, any>; competencies: string[] | SQL<unknown> | Placeholder<string, any>; sponsorId: string | SQL<unknown> | Placeholder<...>; ... 28 more ...; lastEnergyRegen?: Date | ... 3 more ... | undefined; }[]'.

    17     const [testCrawler] = await db.insert(crawlers).values({
                                                           ~~~~~~

      node_modules/drizzle-orm/pg-core/query-builders/insert.d.ts:28:101
         28 export type PgInsertValue<TTable extends PgTable<TableConfig>, OverrideT extends boolean = false> = {
                                                                                                                ~
         29     [Key in keyof InferInsertModel<TTable, {
            ~~~~~~~~~~~~~~~~~~~~~~~~~~~~~~~~~~~~~~~~~~~~
        ... 
         35     }>[Key] | SQL | Placeholder;
            ~~~~~~~~~~~~~~~~~~~~~~~~~~~~~~~~
         36 } & {};
            ~
        The expected type comes from property 'serial' which is declared here on type '{ name: string | SQL<unknown> | Placeholder<string, any>; competencies: string[] | SQL<unknown> | Placeholder<string, any>; sponsorId: string | SQL<unknown> | Placeholder<...>; ... 28 more ...; lastEnergyRegen?: Date | ... 3 more ... | undefined; }'
    server/__tests__/crawler-performance.test.ts:45:39 - error TS2353: Object literal may only specify known properties, and 'id' does not exist in type 'SQL<unknown>'.

    45     await db.delete(crawlers).where({ id: testCrawlerId });
                                             ~~

Test Suites: 1 failed, 1 total
Tests:       0 total
Snapshots:   0 total
Time:        19.366 s
Ran all test suites matching /performance/i.